2025-07-10 22:29:39,824 - INFO - Datalogger starting. Operational logs to: /home/user/heat_project/logs/datalogger_operational_20250710_222939.log
2025-07-10 22:29:39,825 - INFO - Data will be logged to CSV in: /home/user/heat_project/data
2025-07-10 22:29:39,825 - INFO - Logging interval: 5 seconds.
2025-07-10 22:29:39,825 - INFO - Press Ctrl+C to stop.
2025-07-10 22:29:39,825 - INFO - LED GPIO pins set up.
2025-07-10 22:29:39,868 - INFO - I2C bus initialized successfully for SHT31D.
2025-07-10 22:29:39,872 - INFO - SHT31D sensor object created.
2025-07-10 22:29:39,873 - INFO - ------------------------------
2025-07-10 22:29:39,875 - INFO - Connected to gpsd.
2025-07-10 22:29:39,876 - INFO - CSV header written to /home/user/heat_project/data/sensor_data_20250710_222939.csv
2025-07-10 22:29:39,930 - INFO - GPS Fix: 3D, Lat: 34.021145, Lon: -81.000282
2025-07-10 22:29:39,964 - INFO - Data logged to CSV: T=-45.0C, H=0.0%, GPS_TS=2025-07-11 02:29:39 UTC
2025-07-10 22:29:45,002 - INFO - GPS Fix: 3D, Lat: 34.021147, Lon: -81.000280
2025-07-10 22:29:45,057 - INFO - Data logged to CSV: T=23.523308155947205C, H=54.65018692301823%, GPS_TS=2025-07-11 02:29:44 UTC
2025-07-10 22:29:50,095 - INFO - GPS Fix: 3D, Lat: 34.021142, Lon: -81.000275
2025-07-10 22:29:50,136 - INFO - Data logged to CSV: T=23.56870374608988C, H=54.89585717555505%, GPS_TS=2025-07-11 02:29:49 UTC
2025-07-10 22:29:55,175 - INFO - GPS Fix: 3D, Lat: 34.021137, Lon: -81.000262
2025-07-10 22:29:55,207 - INFO - Data logged to CSV: T=23.552681773098342C, H=54.90959029526208%, GPS_TS=2025-07-11 02:29:54 UTC
2025-07-10 22:29:57,034 - INFO - Exiting log_data function.
2025-07-10 22:29:57,035 - INFO - Data logging stopped by user (Ctrl+C).
2025-07-10 22:29:57,036 - INFO - Datalogger application finished. GPIO cleaned up.
